<?xml version="1.0" encoding="UTF-8"?>
<testng-results ignored="0" total="1" passed="1" failed="0" skipped="0">
  <reporter-output>
  </reporter-output>
  <suite started-at="2024-12-14T11:44:41 IST" name="Default suite" finished-at="2024-12-14T11:45:34 IST" duration-ms="53881">
    <groups>
    </groups>
    <test started-at="2024-12-14T11:44:41 IST" name="Default test" finished-at="2024-12-14T11:45:34 IST" duration-ms="53881">
      <class name="campaign.Create_Campaign">
        <test-method signature="Createcampaign_Test()[pri:0, instance:campaign.Create_Campaign@72d1ad2e]" started-at="2024-12-14T11:44:41 IST" name="Createcampaign_Test" finished-at="2024-12-14T11:45:34 IST" duration-ms="53729" status="PASS">
          <reporter-output>
          </reporter-output>
        </test-method> <!-- Createcampaign_Test -->
      </class> <!-- campaign.Create_Campaign -->
    </test> <!-- Default test -->
  </suite> <!-- Default suite -->
</testng-results>
