<?xml version="1.0" encoding="UTF-8"?>
<!-- Generated by org.testng.reporters.JUnitXMLReporter -->
<testsuite ignored="0" hostname="DESKTOP-0UJD6O5" failures="1" tests="1" name="Testrunner3" time="0.017" errors="0" timestamp="2024-12-05T12:14:09 IST">
  <testcase classname="organisation.Organization_UtilityTest" name="OrganizationUtilityTest" time="0.003">
    <failure type="java.lang.Error" message="Unresolved compilation problems: 
	The local variable driver may not have been initialized
	The local variable driver may not have been initialized
	The local variable driver may not have been initialized
	The local variable driver may not have been initialized
	The local variable driver may not have been initialized
	The local variable driver may not have been initialized
">
      <![CDATA[java.lang.Error: Unresolved compilation problems: 
The local variable driver may not have been initialized
The local variable driver may not have been initialized
The local variable driver may not have been initialized
The local variable driver may not have been initialized
The local variable driver may not have been initialized
The local variable driver may not have been initialized

at organisation.Organization_UtilityTest.OrganizationUtilityTest(Organization_UtilityTest.java:45)
at java.base/java.util.ArrayList.forEach(ArrayList.java:1597)
... Removed 25 stack frames]]>
    </failure>
  </testcase> <!-- OrganizationUtilityTest -->
</testsuite> <!-- Testrunner3 -->
