<?xml version="1.0" encoding="UTF-8"?>
<!-- Generated by org.testng.reporters.JUnitXMLReporter -->
<testsuite ignored="5" hostname="DESKTOP-0UJD6O5" failures="0" tests="1" name="Test" time="0.194" errors="0" timestamp="2024-12-04T12:38:31 IST">
  <testcase classname="Testng.RegionalregressionTest" name="m1" time="0.032"/>
  <testcase classname="Testng.ThirdTest" name="m1" time="0.0">
    <ignored/>
  </testcase> <!-- m1 -->
  <testcase classname="Testng.RegionalregressionTest" name="m2" time="0.0">
    <ignored/>
  </testcase> <!-- m2 -->
  <testcase classname="Testng.RegionalregressionTest" name="m4" time="0.0">
    <ignored/>
  </testcase> <!-- m4 -->
  <testcase classname="Testng.RegionalregressionTest" name="m3" time="0.0">
    <ignored/>
  </testcase> <!-- m3 -->
  <testcase classname="Testng.suitTest" name="m1" time="0.0">
    <ignored/>
  </testcase> <!-- m1 -->
</testsuite> <!-- Test -->
