<?xml version="1.0" encoding="UTF-8"?>
<!-- Generated by org.testng.reporters.JUnitXMLReporter -->
<testsuite ignored="2" hostname="DESKTOP-0UJD6O5" failures="0" tests="1" name="Test1" time="0.232" errors="0" timestamp="2024-12-05T11:41:05 IST">
  <testcase classname="Testng.ScriptTest" name="createproduct" time="0.049"/>
  <testcase classname="Testng.ScriptTest" name="productdelete" time="0.0">
    <ignored/>
  </testcase> <!-- productdelete -->
  <testcase classname="Testng.ScriptTest" name="productmodift" time="0.0">
    <ignored/>
  </testcase> <!-- productmodift -->
</testsuite> <!-- Test1 -->
